**** 4096 3.814697265625e-06 2147483648
Profiling server running on: 33317
num walkers: 16
num TLB sets: 64
num TLB ways: 8
memory address offset: 2147487744
num walkers: 16
num TLB sets: 64
num TLB ways: 8
memory address offset: 2147487744
num walkers: 16
num TLB sets: 64
num TLB ways: 8
memory address offset: 2147487744
num walkers: 16
num TLB sets: 64
num TLB ways: 8
memory address offset: 2147487744
switch latency: 360
setting switch connector latency: 360
**** 2147487744 2.0000038146972656 2147483648
num pages 1024
data page: 0
page table page: 3
allocated physical page: 2147684352 2 0
page table page: 0
allocated physical page: 2147491840 0 0
page table page: 0
allocated physical page: 2147495936 0 1
page table page: 0
allocated physical page: 2147500032 0 2
data page: 0
data page: 0
data page: 0
data page: 0
data page: 0
data page: 0
data page: 0
data page: 0
data page: 0
data page: 0
data page: 0
data page: 0
data page: 0
data page: 0
data page: 0
data page: 0
data page: 0
data page: 0
data page: 0
data page: 0
data page: 0
data page: 0
data page: 0
data page: 0
data page: 0
data page: 0
data page: 0
data page: 0
data page: 0
data page: 0
data page: 0
data page: 0
data page: 0
data page: 0
data page: 0
data page: 0
data page: 0
data page: 0
data page: 0
data page: 0
data page: 0
data page: 0
data page: 0
data page: 0
data page: 0
data page: 0
data page: 0
data page: 0
data page: 0
data page: 0
data page: 0
data page: 0
data page: 0
data page: 0
data page: 0
data page: 0
data page: 0
data page: 0
data page: 0
data page: 0
data page: 0
data page: 0
data page: 0
data page: 0
data page: 0
data page: 0
data page: 0
data page: 0
data page: 0
data page: 0
data page: 0
data page: 0
data page: 0
data page: 0
data page: 0
data page: 0
data page: 0
data page: 0
data page: 0
data page: 0
data page: 0
data page: 0
data page: 0
data page: 0
data page: 0
data page: 0
data page: 0
data page: 0
data page: 0
data page: 0
data page: 0
data page: 0
data page: 0
data page: 0
data page: 0
data page: 0
data page: 0
data page: 0
data page: 0
data page: 0
data page: 0
data page: 0
data page: 0
data page: 0
data page: 0
data page: 0
data page: 0
data page: 0
data page: 0
data page: 0
data page: 0
data page: 0
data page: 0
data page: 0
data page: 0
data page: 0
data page: 0
data page: 0
data page: 0
data page: 0
data page: 0
data page: 0
data page: 0
data page: 0
data page: 0
data page: 0
data page: 0
data page: 0
data page: 0
data page: 0
data page: 0
data page: 0
data page: 0
data page: 0
data page: 0
data page: 0
data page: 0
data page: 0
data page: 0
data page: 0
data page: 0
data page: 0
data page: 0
data page: 0
data page: 0
data page: 0
data page: 0
data page: 0
data page: 0
data page: 0
data page: 0
data page: 0
data page: 0
data page: 0
data page: 0
data page: 0
data page: 0
data page: 0
data page: 0
data page: 0
data page: 0
data page: 0
data page: 0
data page: 0
data page: 0
data page: 0
data page: 0
data page: 0
data page: 0
data page: 0
data page: 0
data page: 0
data page: 0
data page: 0
data page: 0
data page: 0
data page: 0
data page: 0
data page: 0
data page: 0
data page: 0
data page: 0
data page: 0
data page: 0
data page: 0
data page: 0
data page: 0
data page: 0
data page: 0
data page: 0
data page: 0
data page: 0
data page: 0
data page: 0
data page: 0
data page: 0
data page: 0
data page: 0
data page: 0
data page: 0
data page: 0
data page: 0
data page: 0
data page: 0
data page: 0
data page: 0
data page: 0
data page: 0
data page: 0
data page: 0
data page: 0
data page: 0
data page: 0
data page: 0
data page: 0
data page: 0
data page: 0
data page: 0
data page: 0
data page: 0
data page: 0
data page: 0
data page: 0
data page: 0
data page: 0
data page: 0
data page: 0
data page: 0
data page: 0
data page: 0
data page: 0
data page: 0
data page: 0
data page: 0
data page: 0
data page: 0
data page: 0
data page: 0
data page: 0
data page: 0
data page: 0
data page: 0
data page: 0
data page: 0
data page: 0
data page: 0
data page: 0
data page: 0
data page: 0
data page: 0
data page: 0
data page: 0
data page: 0
data page: 0
data page: 0
data page: 1
data page: 1
data page: 1
data page: 1
data page: 1
data page: 1
data page: 1
data page: 1
data page: 1
data page: 1
data page: 1
data page: 1
data page: 1
data page: 1
data page: 1
data page: 1
data page: 1
data page: 1
data page: 1
data page: 1
data page: 1
data page: 1
data page: 1
data page: 1
data page: 1
data page: 1
data page: 1
data page: 1
data page: 1
data page: 1
data page: 1
data page: 1
data page: 1
data page: 1
data page: 1
data page: 1
data page: 1
data page: 1
data page: 1
data page: 1
data page: 1
data page: 1
data page: 1
data page: 1
data page: 1
data page: 1
data page: 1
data page: 1
data page: 1
data page: 1
data page: 1
data page: 1
data page: 1
data page: 1
data page: 1
data page: 1
data page: 1
data page: 1
data page: 1
data page: 1
data page: 1
data page: 1
data page: 1
data page: 1
data page: 1
data page: 1
data page: 1
data page: 1
data page: 1
data page: 1
data page: 1
data page: 1
data page: 1
data page: 1
data page: 1
data page: 1
data page: 1
data page: 1
data page: 1
data page: 1
data page: 1
data page: 1
data page: 1
data page: 1
data page: 1
data page: 1
data page: 1
data page: 1
data page: 1
data page: 1
data page: 1
data page: 1
data page: 1
data page: 1
data page: 1
data page: 1
data page: 1
data page: 1
data page: 1
data page: 1
data page: 1
data page: 1
data page: 1
data page: 1
data page: 1
data page: 1
data page: 1
data page: 1
data page: 1
data page: 1
data page: 1
data page: 1
data page: 1
data page: 1
data page: 1
data page: 1
data page: 1
data page: 1
data page: 1
data page: 1
data page: 1
data page: 1
data page: 1
data page: 1
data page: 1
data page: 1
data page: 1
data page: 1
data page: 1
data page: 1
data page: 1
data page: 1
data page: 1
data page: 1
data page: 1
data page: 1
data page: 1
data page: 1
data page: 1
data page: 1
data page: 1
data page: 1
data page: 1
data page: 1
data page: 1
data page: 1
data page: 1
data page: 1
data page: 1
data page: 1
data page: 1
data page: 1
data page: 1
data page: 1
data page: 1
data page: 1
data page: 1
data page: 1
data page: 1
data page: 1
data page: 1
data page: 1
data page: 1
data page: 1
data page: 1
data page: 1
data page: 1
data page: 1
data page: 1
data page: 1
data page: 1
data page: 1
data page: 1
data page: 1
data page: 1
data page: 1
data page: 1
data page: 1
data page: 1
data page: 1
data page: 1
data page: 1
data page: 1
data page: 1
data page: 1
data page: 1
data page: 1
data page: 1
data page: 1
data page: 1
data page: 1
data page: 1
data page: 1
data page: 1
data page: 1
data page: 1
data page: 1
data page: 1
data page: 1
data page: 1
data page: 1
data page: 1
data page: 1
data page: 1
data page: 1
data page: 1
data page: 1
data page: 1
data page: 1
data page: 1
data page: 1
data page: 1
data page: 1
data page: 1
data page: 1
data page: 1
data page: 1
data page: 1
data page: 1
data page: 1
data page: 1
data page: 1
data page: 1
data page: 1
data page: 1
data page: 1
data page: 1
data page: 1
data page: 1
data page: 1
data page: 1
data page: 1
data page: 1
data page: 1
data page: 1
data page: 1
data page: 1
data page: 1
data page: 1
data page: 1
data page: 1
data page: 1
data page: 1
data page: 1
data page: 1
data page: 1
data page: 1
data page: 1
data page: 1
data page: 1
data page: 1
data page: 1
data page: 1
data page: 1
data page: 1
data page: 1
data page: 2
page table page: 2
allocated physical page: 2147622912 0 2
data page: 2
data page: 2
data page: 2
data page: 2
data page: 2
data page: 2
data page: 2
data page: 2
data page: 2
data page: 2
data page: 2
data page: 2
data page: 2
data page: 2
data page: 2
data page: 2
data page: 2
data page: 2
data page: 2
data page: 2
data page: 2
data page: 2
data page: 2
data page: 2
data page: 2
data page: 2
data page: 2
data page: 2
data page: 2
data page: 2
data page: 2
data page: 2
data page: 2
data page: 2
data page: 2
data page: 2
data page: 2
data page: 2
data page: 2
data page: 2
data page: 2
data page: 2
data page: 2
data page: 2
data page: 2
data page: 2
data page: 2
data page: 2
data page: 2
data page: 2
data page: 2
data page: 2
data page: 2
data page: 2
data page: 2
data page: 2
data page: 2
data page: 2
data page: 2
data page: 2
data page: 2
data page: 2
data page: 2
data page: 2
data page: 2
data page: 2
data page: 2
data page: 2
data page: 2
data page: 2
data page: 2
data page: 2
data page: 2
data page: 2
data page: 2
data page: 2
data page: 2
data page: 2
data page: 2
data page: 2
data page: 2
data page: 2
data page: 2
data page: 2
data page: 2
data page: 2
data page: 2
data page: 2
data page: 2
data page: 2
data page: 2
data page: 2
data page: 2
data page: 2
data page: 2
data page: 2
data page: 2
data page: 2
data page: 2
data page: 2
data page: 2
data page: 2
data page: 2
data page: 2
data page: 2
data page: 2
data page: 2
data page: 2
data page: 2
data page: 2
data page: 2
data page: 2
data page: 2
data page: 2
data page: 2
data page: 2
data page: 2
data page: 2
data page: 2
data page: 2
data page: 2
data page: 2
data page: 2
data page: 2
data page: 2
data page: 2
data page: 2
data page: 2
data page: 2
data page: 2
data page: 2
data page: 2
data page: 2
data page: 2
data page: 2
data page: 2
data page: 2
data page: 2
data page: 2
data page: 2
data page: 2
data page: 2
data page: 2
data page: 2
data page: 2
data page: 2
data page: 2
data page: 2
data page: 2
data page: 2
data page: 2
data page: 2
data page: 2
data page: 2
data page: 2
data page: 2
data page: 2
data page: 2
data page: 2
data page: 2
data page: 2
data page: 2
data page: 2
data page: 2
data page: 2
data page: 2
data page: 2
data page: 2
data page: 2
data page: 2
data page: 2
data page: 2
data page: 2
data page: 2
data page: 2
data page: 2
data page: 2
data page: 2
data page: 2
data page: 2
data page: 2
data page: 2
data page: 2
data page: 2
data page: 2
data page: 2
data page: 2
data page: 2
data page: 2
data page: 2
data page: 2
data page: 2
data page: 2
data page: 2
data page: 2
data page: 2
data page: 2
data page: 2
data page: 2
data page: 2
data page: 2
data page: 2
data page: 2
data page: 2
data page: 2
data page: 2
data page: 2
data page: 2
data page: 2
data page: 2
data page: 2
data page: 2
data page: 2
data page: 2
data page: 2
data page: 2
data page: 2
data page: 2
data page: 2
data page: 2
data page: 2
data page: 2
data page: 2
data page: 2
data page: 2
data page: 2
data page: 2
data page: 2
data page: 2
data page: 2
data page: 2
data page: 2
data page: 2
data page: 2
data page: 2
data page: 2
data page: 2
data page: 2
data page: 2
data page: 2
data page: 2
data page: 2
data page: 2
data page: 2
data page: 2
data page: 2
data page: 2
data page: 2
data page: 2
data page: 2
data page: 2
data page: 2
data page: 2
data page: 2
data page: 2
data page: 3
data page: 3
data page: 3
data page: 3
data page: 3
data page: 3
data page: 3
data page: 3
data page: 3
data page: 3
data page: 3
data page: 3
data page: 3
data page: 3
data page: 3
data page: 3
data page: 3
data page: 3
data page: 3
data page: 3
data page: 3
data page: 3
data page: 3
data page: 3
data page: 3
data page: 3
data page: 3
data page: 3
data page: 3
data page: 3
data page: 3
data page: 3
data page: 3
data page: 3
data page: 3
data page: 3
data page: 3
data page: 3
data page: 3
data page: 3
data page: 3
data page: 3
data page: 3
data page: 3
data page: 3
data page: 3
data page: 3
data page: 3
data page: 3
data page: 3
data page: 3
data page: 3
data page: 3
data page: 3
data page: 3
data page: 3
data page: 3
data page: 3
data page: 3
data page: 3
data page: 3
data page: 3
data page: 3
data page: 3
data page: 3
data page: 3
data page: 3
data page: 3
data page: 3
data page: 3
data page: 3
data page: 3
data page: 3
data page: 3
data page: 3
data page: 3
data page: 3
data page: 3
data page: 3
data page: 3
data page: 3
data page: 3
data page: 3
data page: 3
data page: 3
data page: 3
data page: 3
data page: 3
data page: 3
data page: 3
data page: 3
data page: 3
data page: 3
data page: 3
data page: 3
data page: 3
data page: 3
data page: 3
data page: 3
data page: 3
data page: 3
data page: 3
data page: 3
data page: 3
data page: 3
data page: 3
data page: 3
data page: 3
data page: 3
data page: 3
data page: 3
data page: 3
data page: 3
data page: 3
data page: 3
data page: 3
data page: 3
data page: 3
data page: 3
data page: 3
data page: 3
data page: 3
data page: 3
data page: 3
data page: 3
data page: 3
data page: 3
data page: 3
data page: 3
data page: 3
data page: 3
data page: 3
data page: 3
data page: 3
data page: 3
data page: 3
data page: 3
data page: 3
data page: 3
data page: 3
data page: 3
data page: 3
data page: 3
data page: 3
data page: 3
data page: 3
data page: 3
data page: 3
data page: 3
data page: 3
data page: 3
data page: 3
data page: 3
data page: 3
data page: 3
data page: 3
data page: 3
data page: 3
data page: 3
data page: 3
data page: 3
data page: 3
data page: 3
data page: 3
data page: 3
data page: 3
data page: 3
data page: 3
data page: 3
data page: 3
data page: 3
data page: 3
data page: 3
data page: 3
data page: 3
data page: 3
data page: 3
data page: 3
data page: 3
data page: 3
data page: 3
data page: 3
data page: 3
data page: 3
data page: 3
data page: 3
data page: 3
data page: 3
data page: 3
data page: 3
data page: 3
data page: 3
data page: 3
data page: 3
data page: 3
data page: 3
data page: 3
data page: 3
data page: 3
data page: 3
data page: 3
data page: 3
data page: 3
data page: 3
data page: 3
data page: 3
data page: 3
data page: 3
data page: 3
data page: 3
data page: 3
data page: 3
data page: 3
data page: 3
data page: 3
data page: 3
data page: 3
data page: 3
data page: 3
data page: 3
data page: 3
data page: 3
data page: 3
data page: 3
data page: 3
data page: 3
data page: 3
data page: 3
data page: 3
data page: 3
data page: 3
data page: 3
data page: 3
data page: 3
data page: 3
data page: 3
data page: 3
data page: 3
data page: 3
data page: 3
data page: 3
data page: 3
data page: 3
data page: 3
data page: 3
data page: 3
data page: 3
data page: 3
data page: 3
data page: 3
data page: 3
data page: 3
data page: 3
data page: 3
data page: 3
data page: 3
num pages 1
data page: 0
page table page: 0
allocated physical page: 2151698432 0 2
num pages 1
data page: 0
num pages 1
data page: 0
Footprint: 4.012 MB
Launching kernel
num pages 1
***********numPages: 1 0 1
1
data page: 80408000 80407000 0
num pages 1
***********numPages: 1 0 1
1
data page: 80409000 80408000 1
num pages 1
***********numPages: 1 0 1
1
data page: 8040a000 80409000 1
4 0 Xdiv
0 0 0
1 0 0
2 0 0
3 0 0
4 0 1
5 0 1
6 0 1
7 0 1
8 0 2
9 0 2
10 0 2
11 0 2
12 0 3
13 0 3
14 0 3
15 0 3
response from pwc: 80405002 405000 80405000 2 5
response from pwc: 80405002 404000 80405000 2 4
response from pwc: 80405002 405000 80405000 2 5
response from pwc: 80405002 405000 80405000 2 5
response from pwc: 80405002 404000 80405000 2 4
response from pwc: 80405002 405000 80405000 2 5
response from pwc: 80405002 404000 80405000 2 4
response from pwc: 80405002 404000 80405000 2 4
response from pwc: 80405002 402000 80405000 2 2
response from pwc: 80405002 400000 80405000 2 0
response from pwc: 80003001 80000 80003000 2 80
response from pwc: 80003001 c0000 80003000 2 c0
response from pwc: 80003001 0 80003000 2 0
response from pwc: 80003001 40000 80003000 2 40
response from pwc: 80003001 81000 80003000 2 81
response from pwc: 80003001 c1000 80003000 2 c1
response from pwc: 80003001 1000 80003000 2 1
response from pwc: 80003001 41000 80003000 2 41
response from pwc: 80003001 82000 80003000 2 82
response from pwc: 80003001 c2000 80003000 2 c2
response from pwc: 80003001 2000 80003000 2 2
response from pwc: 80003001 42000 80003000 2 42
response from pwc: 80003001 83000 80003000 2 83
response from pwc: 80003001 c3000 80003000 2 c3
response from pwc: 80003001 3000 80003000 2 3
